<?xml version="1.0" encoding="UTF-8"?>
<!-- Generated by org.testng.reporters.JUnitReportReporter -->
<testsuite hostname="h-ubun8" name="com.letskode.alertmessage.CatchAlertMessage" tests="2" failures="0" timestamp="2 Jul 2020 21:11:05 GMT" time="4.833" errors="0">
  <testcase name="catchConfirmationMessage" time="2.549" classname="com.letskode.alertmessage.CatchAlertMessage"/>
  <testcase name="catchInformationMessage" time="2.284" classname="com.letskode.alertmessage.CatchAlertMessage"/>
</testsuite> <!-- com.letskode.alertmessage.CatchAlertMessage -->
