<?xml version="1.0" encoding="UTF-8"?>
<!-- Generated by org.testng.reporters.JUnitReportReporter -->
<testsuite hostname="h-ubun8" name="com.test.MainTest" tests="1" failures="0" timestamp="28 Jun 2020 18:27:50 GMT" time="0.017" errors="0">
  <testcase name="verifyHomeTitle" time="0.017" classname="com.test.MainTest"/>
</testsuite> <!-- com.test.MainTest -->
