<?xml version="1.0" encoding="UTF-8"?>
<!-- Generated by org.testng.reporters.JUnitReportReporter -->
<testsuite hostname="h-ubun8" name="com.letskode.switchframe.SwitchIFrame" tests="1" failures="0" timestamp="2 Jul 2020 20:57:02 GMT" time="4.839" errors="0">
  <testcase name="switchIFrame" time="4.839" classname="com.letskode.switchframe.SwitchIFrame"/>
</testsuite> <!-- com.letskode.switchframe.SwitchIFrame -->
