<?xml version="1.0" encoding="UTF-8"?>
<!-- Generated by org.testng.reporters.JUnitReportReporter -->
<testsuite hostname="h-ubun8" name="greenfield.test.LocalizationTest" tests="2" failures="0" timestamp="28 Jun 2020 18:09:52 GMT" time="3.516" errors="0">
  <testcase name="verifyMenuLabels" time="3.501" classname="greenfield.test.LocalizationTest"/>
  <testcase name="verifyHomeTitle" time="0.015" classname="greenfield.test.LocalizationTest"/>
</testsuite> <!-- greenfield.test.LocalizationTest -->
