<?xml version="1.0" encoding="UTF-8"?>
<!-- Generated by org.testng.reporters.JUnitReportReporter -->
<testsuite hostname="h-ubun8" name="com.letskode.log4j2.Log4jDemoMain" tests="1" failures="0" timestamp="6 Jul 2020 03:46:23 GMT" time="0.019" errors="0">
  <testcase name="test" time="0.019" classname="com.letskode.log4j2.Log4jDemoMain"/>
</testsuite> <!-- com.letskode.log4j2.Log4jDemoMain -->
