<?xml version="1.0" encoding="UTF-8"?>
<!-- Generated by org.testng.reporters.JUnitReportReporter -->
<testsuite hostname="h-ubun8" name="com.selencodes.advances.CalendarSelect" tests="1" failures="0" timestamp="30 Jun 2020 05:57:29 GMT" time="10.645" errors="0">
  <testcase name="selectCalendar" time="10.645" classname="com.selencodes.advances.CalendarSelect"/>
</testsuite> <!-- com.selencodes.advances.CalendarSelect -->
