<?xml version="1.0" encoding="UTF-8"?>
<!-- Generated by org.testng.reporters.JUnitReportReporter -->
<testsuite hostname="h-ubun8" name="com.selencodes.javascripts.JavascriptExecution" tests="1" failures="0" timestamp="1 Jul 2020 01:53:14 GMT" time="7.698" errors="0">
  <testcase name="autoCompleteTest" time="7.698" classname="com.selencodes.javascripts.JavascriptExecution"/>
</testsuite> <!-- com.selencodes.javascripts.JavascriptExecution -->
