<?xml version="1.0" encoding="UTF-8"?>
<!-- Generated by org.testng.reporters.JUnitReportReporter -->
<testsuite hostname="h-ubun8" name="com.selencodes.interactions_action.Slider" tests="1" failures="0" timestamp="2 Jul 2020 23:06:06 GMT" time="4.287" errors="0">
  <testcase name="sendKey" time="4.287" classname="com.selencodes.interactions_action.Slider"/>
</testsuite> <!-- com.selencodes.interactions_action.Slider -->
