<?xml version="1.0" encoding="UTF-8"?>
<!-- Generated by org.testng.reporters.JUnitReportReporter -->
<testsuite hostname="h-ubun8" name="com.selencodes.interactions_action.DragAndDrop" tests="1" failures="0" timestamp="2 Jul 2020 22:18:29 GMT" time="0.462" errors="0">
  <testcase name="dragAndDrop" time="0.462" classname="com.selencodes.interactions_action.DragAndDrop"/>
</testsuite> <!-- com.selencodes.interactions_action.DragAndDrop -->
