<?xml version="1.0" encoding="UTF-8"?>
<!-- Generated by org.testng.reporters.JUnitReportReporter -->
<testsuite hostname="h-ubun8" name="com.selencodes.advances.CaptureScreenshot" tests="1" failures="0" timestamp="30 Jun 2020 23:11:41 GMT" time="13.883" errors="0">
  <testcase name="accessFlight" time="13.883" classname="com.selencodes.advances.CaptureScreenshot"/>
</testsuite> <!-- com.selencodes.advances.CaptureScreenshot -->
