<?xml version="1.0" encoding="UTF-8"?>
<!-- Generated by org.testng.reporters.JUnitReportReporter -->
<testsuite hostname="h-ubun8" name="com.letskodeit.LetsKodeItTest" tests="1" failures="0" timestamp="28 Jun 2020 22:52:02 GMT" time="0.094" errors="0">
  <testcase name="findPriceForCourseName" time="0.094" classname="com.letskodeit.LetsKodeItTest"/>
</testsuite> <!-- com.letskodeit.LetsKodeItTest -->
