<?xml version="1.0" encoding="UTF-8"?>
<!-- Generated by org.testng.reporters.JUnitReportReporter -->
<testsuite hostname="h-ubun8" name="com.letskode.framework.Log4jDemo" tests="1" failures="0" timestamp="6 Jul 2020 03:06:18 GMT" time="0.012" errors="0">
  <testcase name="test" time="0.012" classname="com.letskode.framework.Log4jDemo"/>
</testsuite> <!-- com.letskode.framework.Log4jDemo -->
