<?xml version="1.0" encoding="UTF-8"?>
<!-- Generated by org.testng.reporters.JUnitReportReporter -->
<testsuite hostname="h-ubun8" name="com.selencodes.frameworkandpageobject.anotation.ClassTest" tests="1" failures="0" timestamp="3 Jul 2020 05:12:51 GMT" time="1.347" errors="0">
  <testcase name="searchPageTest" time="1.347" classname="com.selencodes.frameworkandpageobject.anotation.ClassTest"/>
</testsuite> <!-- com.selencodes.frameworkandpageobject.anotation.ClassTest -->
