<?xml version="1.0" encoding="UTF-8"?>
<!-- Generated by org.testng.reporters.JUnitReportReporter -->
<testsuite hostname="h-ubun8" name="greenfield.test.Login" tests="2" failures="0" timestamp="28 Jun 2020 18:09:52 GMT" time="23.307" errors="0">
  <testcase name="verifyLoginPass" time="9.095" classname="greenfield.test.Login"/>
  <testcase name="verifyLoginFail" time="14.212" classname="greenfield.test.Login"/>
</testsuite> <!-- greenfield.test.Login -->
