<?xml version="1.0" encoding="UTF-8"?>
<!-- Generated by org.testng.reporters.JUnitReportReporter -->
<testsuite hostname="h-ubun8" name="com.selencodes.ElementHideOrDisplay" tests="1" failures="0" timestamp="29 Jun 2020 05:44:22 GMT" time="15.365" errors="0">
  <testcase name="testExpedia" time="15.365" classname="com.selencodes.ElementHideOrDisplay"/>
</testsuite> <!-- com.selencodes.ElementHideOrDisplay -->
