<?xml version="1.0" encoding="UTF-8"?>
<!-- Generated by org.testng.reporters.JUnitReportReporter -->
<testsuite name="com.test.MainTest" tests="1" time="0.038" ignored="0" failures="0" timestamp="25 Jun 2020 19:05:17 GMT" skipped="0" hostname="hnguyen" errors="0">
  <testcase name="verifyHomeTitle" time="0.038" classname="com.test.MainTest"/>
</testsuite> <!-- com.test.MainTest -->
