<?xml version="1.0" encoding="UTF-8"?>
<!-- Generated by org.testng.reporters.JUnitReportReporter -->
<testsuite hostname="h-ubun8" name="com.selencodes.sendkey.CombinationKey" tests="1" failures="0" timestamp="3 Jul 2020 02:57:27 GMT" time="0.830" errors="0">
  <testcase name="selectAll" time="0.830" classname="com.selencodes.sendkey.CombinationKey"/>
</testsuite> <!-- com.selencodes.sendkey.CombinationKey -->
