<?xml version="1.0" encoding="UTF-8"?>
<!-- Generated by org.testng.reporters.JUnitReportReporter -->
<testsuite hostname="h-ubun8" name="com.webdrivermanager.WebDriverManagerTest" tests="1" failures="0" timestamp="4 Jul 2020 22:31:08 GMT" time="5.439" errors="0">
  <testcase name="runTest1" time="5.439" classname="com.webdrivermanager.WebDriverManagerTest"/>
</testsuite> <!-- com.webdrivermanager.WebDriverManagerTest -->
