<?xml version="1.0" encoding="UTF-8"?>
<!-- Generated by org.testng.reporters.JUnitReportReporter -->
<testsuite skipped="0" hostname="hnguyen" name="greenfield.test.Login" tests="2" failures="0" timestamp="2020-06-25T18:31:32 CDT" time="1.618" errors="0">
  <testcase name="verifyLoginPass" time="0.968" classname="greenfield.test.Login"/>
  <system-out/>
  <testcase name="verifyLoginFail" time="0.650" classname="greenfield.test.Login"/>
  <system-out/>
</testsuite> <!-- greenfield.test.Login -->
