<?xml version="1.0" encoding="UTF-8"?>
<!-- Generated by org.testng.reporters.JUnitReportReporter -->
<testsuite hostname="h-ubun8" name="com.letskodeit.NavigatePages" tests="1" failures="0" timestamp="28 Jun 2020 23:23:55 GMT" time="11.053" errors="0">
  <testcase name="navigatePages" time="11.053" classname="com.letskodeit.NavigatePages"/>
</testsuite> <!-- com.letskodeit.NavigatePages -->
