<?xml version="1.0" encoding="UTF-8"?>
<!-- Generated by org.testng.reporters.JUnitReportReporter -->
<testsuite hostname="h-ubun8" name="com.letskodeit.DropdownSelect" tests="1" failures="0" timestamp="28 Jun 2020 23:55:08 GMT" time="9.835" errors="0">
  <testcase name="navigatePages" time="9.835" classname="com.letskodeit.DropdownSelect"/>
</testsuite> <!-- com.letskodeit.DropdownSelect -->
