<?xml version="1.0" encoding="UTF-8"?>
<!-- Generated by org.testng.reporters.JUnitReportReporter -->
<testsuite hostname="h-ubun8" name="com.selencodes.advances.AutoComplete" tests="1" failures="0" timestamp="30 Jun 2020 19:45:13 GMT" time="13.417" errors="0">
  <testcase name="autoCompleteTest" time="13.417" classname="com.selencodes.advances.AutoComplete"/>
</testsuite> <!-- com.selencodes.advances.AutoComplete -->
