<?xml version="1.0" encoding="UTF-8"?>
<!-- Generated by org.testng.reporters.JUnitReportReporter -->
<testsuite hostname="h-ubun8" name="com.letskode.javascripts.ScrollElement" tests="1" failures="0" timestamp="1 Jul 2020 02:31:21 GMT" time="7.577" errors="0">
  <testcase name="scrollElement" time="7.577" classname="com.letskode.javascripts.ScrollElement"/>
</testsuite> <!-- com.letskode.javascripts.ScrollElement -->
