<?xml version="1.0" encoding="UTF-8"?>
<!-- Generated by org.testng.reporters.JUnitReportReporter -->
<testsuite hostname="h-ubun8" name="com.letskode.CheckElementPresent" tests="1" failures="0" timestamp="30 Jun 2020 03:01:50 GMT" time="5.148" errors="0">
  <testcase name="navigatePages" time="5.148" classname="com.letskode.CheckElementPresent"/>
</testsuite> <!-- com.letskode.CheckElementPresent -->
