<?xml version="1.0" encoding="UTF-8"?>
<!-- Generated by org.testng.reporters.JUnitReportReporter -->
<testsuite hostname="h-ubun8" name="com.test.MainTestFirefox" tests="1" failures="0" timestamp="28 Jun 2020 17:52:40 GMT" time="0.056" errors="0">
  <testcase name="verifyHomeTitle" time="0.056" classname="com.test.MainTestFirefox"/>
</testsuite> <!-- com.test.MainTestFirefox -->
