<?xml version="1.0" encoding="UTF-8"?>
<!-- Generated by org.testng.reporters.JUnitReportReporter -->
<testsuite hostname="h-ubun8" name="com.letskode.switchwindow.SwitchWindow" tests="1" failures="0" timestamp="2 Jul 2020 06:01:17 GMT" time="8.326" errors="0">
  <testcase name="scrollElement" time="8.326" classname="com.letskode.switchwindow.SwitchWindow"/>
</testsuite> <!-- com.letskode.switchwindow.SwitchWindow -->
