<?xml version="1.0" encoding="UTF-8"?>
<!-- Generated by org.testng.reporters.JUnitReportReporter -->
<testsuite skipped="0" hostname="hnguyen" name="greenfield.test.LocalizationTest" tests="2" failures="0" timestamp="2020-06-25T17:48:28 CDT" time="1.402" errors="0">
  <testcase name="verifyMenuLabels" time="1.170" classname="greenfield.test.LocalizationTest"/>
  <system-out/>
  <testcase name="verifyHomeTitle" time="0.232" classname="greenfield.test.LocalizationTest"/>
  <system-out/>
</testsuite> <!-- greenfield.test.LocalizationTest -->
