<?xml version="1.0" encoding="UTF-8"?>
<!-- Generated by org.testng.reporters.JUnitReportReporter -->
<testsuite hostname="h-ubun8" name="com.selencodes.MultiSelectDropdownList" tests="1" failures="0" timestamp="29 Jun 2020 04:43:19 GMT" time="9.757" errors="0">
  <testcase name="multiSelect" time="9.757" classname="com.selencodes.MultiSelectDropdownList"/>
</testsuite> <!-- com.selencodes.MultiSelectDropdownList -->
