<?xml version="1.0" encoding="UTF-8"?>
<!-- Generated by org.testng.reporters.JUnitReportReporter -->
<testsuite name="com.test.MainTest" tests="1" time="0.017" ignored="1" failures="0" timestamp="10 Jul 2020 05:50:56 GMT" skipped="0" hostname="h-ubun8" errors="0">
  <testcase name="verifyHomeTitle" time="0.017" classname="com.test.MainTest"/>
  <testcase name="verifyHomeTitle" classname="com.test.MainTestFirefox">
    <skipped/>
  </testcase> <!-- verifyHomeTitle -->
</testsuite> <!-- com.test.MainTest -->
