<?xml version="1.0" encoding="UTF-8"?>
<!-- Generated by org.testng.reporters.JUnitReportReporter -->
<testsuite hostname="h-ubun8" name="com.letskode.interactions_action.MouseHover" tests="2" failures="0" timestamp="2 Jul 2020 21:49:00 GMT" time="13.223" errors="0">
  <testcase name="mouseHoverRefresh" time="6.840" classname="com.letskode.interactions_action.MouseHover"/>
  <testcase name="mouseHoverTop" time="6.383" classname="com.letskode.interactions_action.MouseHover"/>
</testsuite> <!-- com.letskode.interactions_action.MouseHover -->
