<?xml version="1.0" encoding="UTF-8"?>
<!-- Generated by org.testng.reporters.JUnitReportReporter -->
<testsuite hostname="h-ubun8" name="greenfield.test.LocalizationTest" tests="2" failures="0" timestamp="28 Jun 2020 18:27:50 GMT" time="0.504" errors="0">
  <testcase name="verifyMenuLabels" time="0.492" classname="greenfield.test.LocalizationTest"/>
  <testcase name="verifyHomeTitle" time="0.012" classname="greenfield.test.LocalizationTest"/>
</testsuite> <!-- greenfield.test.LocalizationTest -->
