<?xml version="1.0" encoding="UTF-8"?>
<!-- Generated by org.testng.reporters.JUnitReportReporter -->
<testsuite hostname="h-ubun8" name="com.selencodes.frameworkandpageobject.Log4jDemoMain" tests="1" failures="0" timestamp="6 Jul 2020 03:22:45 GMT" time="0.015" errors="0">
  <testcase name="test" time="0.015" classname="com.selencodes.frameworkandpageobject.Log4jDemoMain"/>
</testsuite> <!-- com.selencodes.frameworkandpageobject.Log4jDemoMain -->
