<?xml version="1.0" encoding="UTF-8"?>
<!-- Generated by org.testng.reporters.JUnitReportReporter -->
<testsuite hostname="h-ubun8" name="greenfield.test.Login" tests="2" failures="0" timestamp="28 Jun 2020 18:27:50 GMT" time="4.828" errors="0">
  <testcase name="verifyLoginFail" time="3.649" classname="greenfield.test.Login"/>
  <testcase name="verifyLoginPass" time="1.179" classname="greenfield.test.Login"/>
</testsuite> <!-- greenfield.test.Login -->
